#
# There is insufficient memory for the Java Runtime Environment to continue.
# Native memory allocation (malloc) failed to allocate 1549456 bytes for Chunk::new
# Possible reasons:
#   The system is out of physical RAM or swap space
#   The process is running with CompressedOops enabled, and the Java Heap may be blocking the growth of the native heap
# Possible solutions:
#   Reduce memory load on the system
#   Increase physical memory or swap space
#   Check if swap backing store is full
#   Decrease Java heap size (-Xmx/-Xms)
#   Decrease number of Java threads
#   Decrease Java thread stack sizes (-Xss)
#   Set larger code cache with -XX:ReservedCodeCacheSize=
#   JVM is running with Unscaled Compressed Oops mode in which the Java heap is
#     placed in the first 4GB address space. The Java Heap base address is the
#     maximum limit for the native heap growth. Please use -XX:HeapBaseMinAddress
#     to set the Java Heap base and to place the Java Heap above 4GB virtual address.
# This output file may be truncated or incomplete.
#
#  Out of Memory Error (./src/hotspot/share/memory/arena.cpp:197), pid=8512, tid=22360
#
# JRE version: OpenJDK Runtime Environment (11.0.12+7) (build 11.0.12+7-b1504.28-7817840)
# Java VM: OpenJDK 64-Bit Server VM (11.0.12+7-b1504.28-7817840, mixed mode, tiered, compressed oops, g1 gc, windows-amd64)
# No core dump will be written. Minidumps are not enabled by default on client versions of Windows
#

---------------  S U M M A R Y ------------

Command Line: --add-opens=java.base/java.util=ALL-UNNAMED --add-opens=java.base/java.lang=ALL-UNNAMED --add-opens=java.base/java.lang.invoke=ALL-UNNAMED --add-opens=java.base/java.util=ALL-UNNAMED --add-opens=java.prefs/java.util.prefs=ALL-UNNAMED --add-opens=java.prefs/java.util.prefs=ALL-UNNAMED --add-opens=java.base/java.nio.charset=ALL-UNNAMED --add-opens=java.base/java.net=ALL-UNNAMED --add-opens=java.base/java.util.concurrent.atomic=ALL-UNNAMED -Xmx2048m -Dfile.encoding=UTF-8 -Duser.country=CN -Duser.language=zh -Duser.variant org.gradle.launcher.daemon.bootstrap.GradleDaemon 7.3.3

Host: Intel(R) Core(TM) i5-9300H CPU @ 2.40GHz, 8 cores, 15G,  Windows 10 , 64 bit Build 19041 (10.0.19041.1889)
Time: Sun Aug 28 10:58:54 2022 中国标准时间 elapsed time: 2.616118 seconds (0d 0h 0m 2s)

---------------  T H R E A D  ---------------

Current thread (0x00000273357fd800):  JavaThread "C2 CompilerThread1" daemon [_thread_in_native, id=22360, stack(0x000000e382500000,0x000000e382600000)]


Current CompileTask:
C2:   2616 1951   !   4       java.lang.ClassLoader::loadClass (122 bytes)

Stack: [0x000000e382500000,0x000000e382600000]
Native frames: (J=compiled Java code, j=interpreted, Vv=VM code, C=native code)
V  [jvm.dll+0x5fbcea]
V  [jvm.dll+0x731905]
V  [jvm.dll+0x732f1d]
V  [jvm.dll+0x7335d3]
V  [jvm.dll+0x247bf8]
V  [jvm.dll+0xc018c]
V  [jvm.dll+0xc06cc]
V  [jvm.dll+0x35b31d]
V  [jvm.dll+0x19d0bc]
V  [jvm.dll+0x20070e]
V  [jvm.dll+0x1ff794]
V  [jvm.dll+0x18868c]
V  [jvm.dll+0x20e0d7]
V  [jvm.dll+0x20c901]
V  [jvm.dll+0x6f9b7f]
V  [jvm.dll+0x6f26a5]
V  [jvm.dll+0x5fabf6]
C  [ucrtbase.dll+0x21bb2]
C  [KERNEL32.DLL+0x17034]
C  [ntdll.dll+0x52651]


---------------  P R O C E S S  ---------------

Threads class SMR info:
_java_thread_list=0x00000273371b9cb0, length=24, elements={
0x0000027316b30800, 0x00000273337cd800, 0x00000273337d9000, 0x00000273337fa800,
0x00000273337fb800, 0x00000273337fc800, 0x00000273337fe000, 0x0000027333861800,
0x000002733386d000, 0x00000273339c0800, 0x0000027335dbb800, 0x00000273357fd800,
0x0000027335e40800, 0x0000027333b50000, 0x0000027335f6c000, 0x0000027337565800,
0x00000273359ef000, 0x0000027336354000, 0x0000027334deb000, 0x0000027336101800,
0x000002733611d000, 0x000002733611f000, 0x000002733611e000, 0x000002733611f800
}

Java Threads: ( => current thread )
  0x0000027316b30800 JavaThread "main" [_thread_blocked, id=15572, stack(0x000000e381400000,0x000000e381500000)]
  0x00000273337cd800 JavaThread "Reference Handler" daemon [_thread_blocked, id=14032, stack(0x000000e381b00000,0x000000e381c00000)]
  0x00000273337d9000 JavaThread "Finalizer" daemon [_thread_blocked, id=14516, stack(0x000000e381c00000,0x000000e381d00000)]
  0x00000273337fa800 JavaThread "Signal Dispatcher" daemon [_thread_blocked, id=15136, stack(0x000000e381d00000,0x000000e381e00000)]
  0x00000273337fb800 JavaThread "Attach Listener" daemon [_thread_blocked, id=25372, stack(0x000000e381e00000,0x000000e381f00000)]
  0x00000273337fc800 JavaThread "Service Thread" daemon [_thread_blocked, id=22448, stack(0x000000e381f00000,0x000000e382000000)]
  0x00000273337fe000 JavaThread "C2 CompilerThread0" daemon [_thread_in_native, id=5260, stack(0x000000e382000000,0x000000e382100000)]
  0x0000027333861800 JavaThread "C1 CompilerThread0" daemon [_thread_blocked, id=24572, stack(0x000000e382100000,0x000000e382200000)]
  0x000002733386d000 JavaThread "Sweeper thread" daemon [_thread_blocked, id=26064, stack(0x000000e382200000,0x000000e382300000)]
  0x00000273339c0800 JavaThread "Common-Cleaner" daemon [_thread_blocked, id=12460, stack(0x000000e382300000,0x000000e382400000)]
  0x0000027335dbb800 JavaThread "Daemon health stats" [_thread_blocked, id=24380, stack(0x000000e382c00000,0x000000e382d00000)]
=>0x00000273357fd800 JavaThread "C2 CompilerThread1" daemon [_thread_in_native, id=22360, stack(0x000000e382500000,0x000000e382600000)]
  0x0000027335e40800 JavaThread "Incoming local TCP Connector on port 57209" [_thread_in_native, id=22952, stack(0x000000e382b00000,0x000000e382c00000)]
  0x0000027333b50000 JavaThread "Daemon periodic checks" [_thread_blocked, id=25808, stack(0x000000e382d00000,0x000000e382e00000)]
  0x0000027335f6c000 JavaThread "Daemon" [_thread_blocked, id=25496, stack(0x000000e382e00000,0x000000e382f00000)]
  0x0000027337565800 JavaThread "Handler for socket connection from /127.0.0.1:57209 to /127.0.0.1:57210" [_thread_in_native, id=15412, stack(0x000000e382f00000,0x000000e383000000)]
  0x00000273359ef000 JavaThread "Cancel handler" [_thread_blocked, id=23624, stack(0x000000e383000000,0x000000e383100000)]
  0x0000027336354000 JavaThread "Daemon worker" [_thread_in_Java, id=17724, stack(0x000000e383100000,0x000000e383200000)]
  0x0000027334deb000 JavaThread "Asynchronous log dispatcher for DefaultDaemonConnection: socket connection from /127.0.0.1:57209 to /127.0.0.1:57210" [_thread_blocked, id=22140, stack(0x000000e383200000,0x000000e383300000)]
  0x0000027336101800 JavaThread "Stdin handler" [_thread_blocked, id=26468, stack(0x000000e383300000,0x000000e383400000)]
  0x000002733611d000 JavaThread "Daemon client event forwarder" [_thread_blocked, id=22452, stack(0x000000e383400000,0x000000e383500000)]
  0x000002733611f000 JavaThread "Cache worker for journal cache (C:\Users\Da\.gradle\caches\journal-1)" [_thread_blocked, id=22804, stack(0x000000e383500000,0x000000e383600000)]
  0x000002733611e000 JavaThread "File lock request listener" [_thread_in_native, id=25444, stack(0x000000e383600000,0x000000e383700000)]
  0x000002733611f800 JavaThread "Cache worker for file hash cache (C:\Users\Da\.gradle\caches\7.3.3\fileHashes)" [_thread_blocked, id=21748, stack(0x000000e383700000,0x000000e383800000)]

Other Threads:
  0x00000273337c9800 VMThread "VM Thread" [stack: 0x000000e381a00000,0x000000e381b00000] [id=11260]
  0x0000027333a25800 WatcherThread [stack: 0x000000e382400000,0x000000e382500000] [id=20012]
  0x0000027316b4a800 GCTaskThread "GC Thread#0" [stack: 0x000000e381500000,0x000000e381600000] [id=12244]
  0x0000027334517000 GCTaskThread "GC Thread#1" [stack: 0x000000e382600000,0x000000e382700000] [id=16688]
  0x00000273341ed800 GCTaskThread "GC Thread#2" [stack: 0x000000e382700000,0x000000e382800000] [id=21760]
  0x0000027334375000 GCTaskThread "GC Thread#3" [stack: 0x000000e382800000,0x000000e382900000] [id=17384]
  0x0000027334472800 GCTaskThread "GC Thread#4" [stack: 0x000000e382900000,0x000000e382a00000] [id=23252]
  0x000002733446b800 GCTaskThread "GC Thread#5" [stack: 0x000000e382a00000,0x000000e382b00000] [id=8144]
  0x0000027336de1800 GCTaskThread "GC Thread#6" [stack: 0x000000e383800000,0x000000e383900000] [id=24296]
  0x000002733655f000 GCTaskThread "GC Thread#7" [stack: 0x000000e383900000,0x000000e383a00000] [id=19708]
  0x0000027316b7a000 ConcurrentGCThread "G1 Main Marker" [stack: 0x000000e381600000,0x000000e381700000] [id=3524]
  0x0000027316b7b800 ConcurrentGCThread "G1 Conc#0" [stack: 0x000000e381700000,0x000000e381800000] [id=16440]
  0x000002733534c000 ConcurrentGCThread "G1 Conc#1" [stack: 0x000000e383a00000,0x000000e383b00000] [id=22408]
  0x0000027316c0e000 ConcurrentGCThread "G1 Refine#0" [stack: 0x000000e381800000,0x000000e381900000] [id=12420]
  0x0000027332e1c800 ConcurrentGCThread "G1 Young RemSet Sampling" [stack: 0x000000e381900000,0x000000e381a00000] [id=16884]

Threads with active compile tasks:
C2 CompilerThread0   2656 2020       4       java.net.URLClassLoader$1::run (5 bytes)
C2 CompilerThread1   2656 1951   !   4       java.lang.ClassLoader::loadClass (122 bytes)

VM state:not at safepoint (normal execution)

VM Mutex/Monitor currently owned by a thread: None

Heap address: 0x0000000080000000, size: 2048 MB, Compressed Oops mode: 32-bit
Narrow klass base: 0x0000000000000000, Narrow klass shift: 3
Compressed class space size: 1073741824 Address: 0x0000000100000000

Heap:
 garbage-first heap   total 260096K, used 41302K [0x0000000080000000, 0x0000000100000000)
  region size 1024K, 36 young (36864K), 12 survivors (12288K)
 Metaspace       used 22946K, capacity 23504K, committed 23856K, reserved 1071104K
  class space    used 2903K, capacity 3098K, committed 3200K, reserved 1048576K
Heap Regions: E=young(eden), S=young(survivor), O=old, HS=humongous(starts), HC=humongous(continues), CS=collection set, F=free, A=archive, TAMS=top-at-mark-start (previous, next)
|   0|0x0000000080000000, 0x0000000080000000, 0x0000000080100000|  0%| F|  |TAMS 0x0000000080000000, 0x0000000080000000| Untracked 
|   1|0x0000000080100000, 0x0000000080100000, 0x0000000080200000|  0%| F|  |TAMS 0x0000000080100000, 0x0000000080100000| Untracked 
|   2|0x0000000080200000, 0x0000000080200000, 0x0000000080300000|  0%| F|  |TAMS 0x0000000080200000, 0x0000000080200000| Untracked 
|   3|0x0000000080300000, 0x0000000080400000, 0x0000000080400000|100%|HS|  |TAMS 0x0000000080400000, 0x0000000080300000| Complete 
|   4|0x0000000080400000, 0x0000000080500000, 0x0000000080500000|100%|HC|  |TAMS 0x0000000080500000, 0x0000000080400000| Complete 
|   5|0x0000000080500000, 0x0000000080600000, 0x0000000080600000|100%|HC|  |TAMS 0x0000000080600000, 0x0000000080500000| Complete 
|   6|0x0000000080600000, 0x0000000080700000, 0x0000000080700000|100%| O|  |TAMS 0x0000000080700000, 0x0000000080600000| Untracked 
|   7|0x0000000080700000, 0x0000000080800000, 0x0000000080800000|100%| O|  |TAMS 0x0000000080800000, 0x0000000080700000| Untracked 
|   8|0x0000000080800000, 0x00000000808fcc00, 0x0000000080900000| 98%| O|  |TAMS 0x00000000808fcc00, 0x0000000080800000| Untracked 
|   9|0x0000000080900000, 0x0000000080900000, 0x0000000080a00000|  0%| F|  |TAMS 0x0000000080900000, 0x0000000080900000| Untracked 
|  10|0x0000000080a00000, 0x0000000080a00000, 0x0000000080b00000|  0%| F|  |TAMS 0x0000000080a00000, 0x0000000080a00000| Untracked 
|  11|0x0000000080b00000, 0x0000000080b00000, 0x0000000080c00000|  0%| F|  |TAMS 0x0000000080b00000, 0x0000000080b00000| Untracked 
|  12|0x0000000080c00000, 0x0000000080c00000, 0x0000000080d00000|  0%| F|  |TAMS 0x0000000080c00000, 0x0000000080c00000| Untracked 
|  13|0x0000000080d00000, 0x0000000080d00000, 0x0000000080e00000|  0%| F|  |TAMS 0x0000000080d00000, 0x0000000080d00000| Untracked 
|  14|0x0000000080e00000, 0x0000000080e00000, 0x0000000080f00000|  0%| F|  |TAMS 0x0000000080e00000, 0x0000000080e00000| Untracked 
|  15|0x0000000080f00000, 0x0000000080f00000, 0x0000000081000000|  0%| F|  |TAMS 0x0000000080f00000, 0x0000000080f00000| Untracked 
|  16|0x0000000081000000, 0x0000000081000000, 0x0000000081100000|  0%| F|  |TAMS 0x0000000081000000, 0x0000000081000000| Untracked 
|  17|0x0000000081100000, 0x0000000081100000, 0x0000000081200000|  0%| F|  |TAMS 0x0000000081100000, 0x0000000081100000| Untracked 
|  18|0x0000000081200000, 0x0000000081200000, 0x0000000081300000|  0%| F|  |TAMS 0x0000000081200000, 0x0000000081200000| Untracked 
|  19|0x0000000081300000, 0x0000000081300000, 0x0000000081400000|  0%| F|  |TAMS 0x0000000081300000, 0x0000000081300000| Untracked 
|  20|0x0000000081400000, 0x0000000081400000, 0x0000000081500000|  0%| F|  |TAMS 0x0000000081400000, 0x0000000081400000| Untracked 
|  21|0x0000000081500000, 0x0000000081500000, 0x0000000081600000|  0%| F|  |TAMS 0x0000000081500000, 0x0000000081500000| Untracked 
|  22|0x0000000081600000, 0x0000000081600000, 0x0000000081700000|  0%| F|  |TAMS 0x0000000081600000, 0x0000000081600000| Untracked 
|  23|0x0000000081700000, 0x0000000081700000, 0x0000000081800000|  0%| F|  |TAMS 0x0000000081700000, 0x0000000081700000| Untracked 
|  24|0x0000000081800000, 0x0000000081800000, 0x0000000081900000|  0%| F|  |TAMS 0x0000000081800000, 0x0000000081800000| Untracked 
|  25|0x0000000081900000, 0x0000000081900000, 0x0000000081a00000|  0%| F|  |TAMS 0x0000000081900000, 0x0000000081900000| Untracked 
|  26|0x0000000081a00000, 0x0000000081a00000, 0x0000000081b00000|  0%| F|  |TAMS 0x0000000081a00000, 0x0000000081a00000| Untracked 
|  27|0x0000000081b00000, 0x0000000081b00000, 0x0000000081c00000|  0%| F|  |TAMS 0x0000000081b00000, 0x0000000081b00000| Untracked 
|  28|0x0000000081c00000, 0x0000000081c00000, 0x0000000081d00000|  0%| F|  |TAMS 0x0000000081c00000, 0x0000000081c00000| Untracked 
|  29|0x0000000081d00000, 0x0000000081d00000, 0x0000000081e00000|  0%| F|  |TAMS 0x0000000081d00000, 0x0000000081d00000| Untracked 
|  30|0x0000000081e00000, 0x0000000081e00000, 0x0000000081f00000|  0%| F|  |TAMS 0x0000000081e00000, 0x0000000081e00000| Untracked 
|  31|0x0000000081f00000, 0x0000000081f00000, 0x0000000082000000|  0%| F|  |TAMS 0x0000000081f00000, 0x0000000081f00000| Untracked 
|  32|0x0000000082000000, 0x0000000082000000, 0x0000000082100000|  0%| F|  |TAMS 0x0000000082000000, 0x0000000082000000| Untracked 
|  33|0x0000000082100000, 0x0000000082100000, 0x0000000082200000|  0%| F|  |TAMS 0x0000000082100000, 0x0000000082100000| Untracked 
|  34|0x0000000082200000, 0x0000000082200000, 0x0000000082300000|  0%| F|  |TAMS 0x0000000082200000, 0x0000000082200000| Untracked 
|  35|0x0000000082300000, 0x0000000082300000, 0x0000000082400000|  0%| F|  |TAMS 0x0000000082300000, 0x0000000082300000| Untracked 
|  36|0x0000000082400000, 0x0000000082400000, 0x0000000082500000|  0%| F|  |TAMS 0x0000000082400000, 0x0000000082400000| Untracked 
|  37|0x0000000082500000, 0x0000000082500000, 0x0000000082600000|  0%| F|  |TAMS 0x0000000082500000, 0x0000000082500000| Untracked 
|  38|0x0000000082600000, 0x0000000082600000, 0x0000000082700000|  0%| F|  |TAMS 0x0000000082600000, 0x0000000082600000| Untracked 
|  39|0x0000000082700000, 0x0000000082700000, 0x0000000082800000|  0%| F|  |TAMS 0x0000000082700000, 0x0000000082700000| Untracked 
|  40|0x0000000082800000, 0x0000000082800000, 0x0000000082900000|  0%| F|  |TAMS 0x0000000082800000, 0x0000000082800000| Untracked 
|  41|0x0000000082900000, 0x0000000082900000, 0x0000000082a00000|  0%| F|  |TAMS 0x0000000082900000, 0x0000000082900000| Untracked 
|  42|0x0000000082a00000, 0x0000000082a00000, 0x0000000082b00000|  0%| F|  |TAMS 0x0000000082a00000, 0x0000000082a00000| Untracked 
|  43|0x0000000082b00000, 0x0000000082b00000, 0x0000000082c00000|  0%| F|  |TAMS 0x0000000082b00000, 0x0000000082b00000| Untracked 
|  44|0x0000000082c00000, 0x0000000082c00000, 0x0000000082d00000|  0%| F|  |TAMS 0x0000000082c00000, 0x0000000082c00000| Untracked 
|  45|0x0000000082d00000, 0x0000000082d00000, 0x0000000082e00000|  0%| F|  |TAMS 0x0000000082d00000, 0x0000000082d00000| Untracked 
|  46|0x0000000082e00000, 0x0000000082e00000, 0x0000000082f00000|  0%| F|  |TAMS 0x0000000082e00000, 0x0000000082e00000| Untracked 
|  47|0x0000000082f00000, 0x0000000082f00000, 0x0000000083000000|  0%| F|  |TAMS 0x0000000082f00000, 0x0000000082f00000| Untracked 
|  48|0x0000000083000000, 0x0000000083000000, 0x0000000083100000|  0%| F|  |TAMS 0x0000000083000000, 0x0000000083000000| Untracked 
|  49|0x0000000083100000, 0x0000000083100000, 0x0000000083200000|  0%| F|  |TAMS 0x0000000083100000, 0x0000000083100000| Untracked 
|  50|0x0000000083200000, 0x0000000083200000, 0x0000000083300000|  0%| F|  |TAMS 0x0000000083200000, 0x0000000083200000| Untracked 
|  51|0x0000000083300000, 0x0000000083300000, 0x0000000083400000|  0%| F|  |TAMS 0x0000000083300000, 0x0000000083300000| Untracked 
|  52|0x0000000083400000, 0x0000000083400000, 0x0000000083500000|  0%| F|  |TAMS 0x0000000083400000, 0x0000000083400000| Untracked 
|  53|0x0000000083500000, 0x0000000083500000, 0x0000000083600000|  0%| F|  |TAMS 0x0000000083500000, 0x0000000083500000| Untracked 
|  54|0x0000000083600000, 0x0000000083600000, 0x0000000083700000|  0%| F|  |TAMS 0x0000000083600000, 0x0000000083600000| Untracked 
|  55|0x0000000083700000, 0x0000000083700000, 0x0000000083800000|  0%| F|  |TAMS 0x0000000083700000, 0x0000000083700000| Untracked 
|  56|0x0000000083800000, 0x0000000083800000, 0x0000000083900000|  0%| F|  |TAMS 0x0000000083800000, 0x0000000083800000| Untracked 
|  57|0x0000000083900000, 0x0000000083900000, 0x0000000083a00000|  0%| F|  |TAMS 0x0000000083900000, 0x0000000083900000| Untracked 
|  58|0x0000000083a00000, 0x0000000083a00000, 0x0000000083b00000|  0%| F|  |TAMS 0x0000000083a00000, 0x0000000083a00000| Untracked 
|  59|0x0000000083b00000, 0x0000000083b00000, 0x0000000083c00000|  0%| F|  |TAMS 0x0000000083b00000, 0x0000000083b00000| Untracked 
|  60|0x0000000083c00000, 0x0000000083c00000, 0x0000000083d00000|  0%| F|  |TAMS 0x0000000083c00000, 0x0000000083c00000| Untracked 
|  61|0x0000000083d00000, 0x0000000083d00000, 0x0000000083e00000|  0%| F|  |TAMS 0x0000000083d00000, 0x0000000083d00000| Untracked 
|  62|0x0000000083e00000, 0x0000000083e00000, 0x0000000083f00000|  0%| F|  |TAMS 0x0000000083e00000, 0x0000000083e00000| Untracked 
|  63|0x0000000083f00000, 0x0000000083f00000, 0x0000000084000000|  0%| F|  |TAMS 0x0000000083f00000, 0x0000000083f00000| Untracked 
|  64|0x0000000084000000, 0x0000000084000000, 0x0000000084100000|  0%| F|  |TAMS 0x0000000084000000, 0x0000000084000000| Untracked 
|  65|0x0000000084100000, 0x0000000084100000, 0x0000000084200000|  0%| F|  |TAMS 0x0000000084100000, 0x0000000084100000| Untracked 
|  66|0x0000000084200000, 0x0000000084200000, 0x0000000084300000|  0%| F|  |TAMS 0x0000000084200000, 0x0000000084200000| Untracked 
|  67|0x0000000084300000, 0x0000000084300000, 0x0000000084400000|  0%| F|  |TAMS 0x0000000084300000, 0x0000000084300000| Untracked 
|  68|0x0000000084400000, 0x0000000084400000, 0x0000000084500000|  0%| F|  |TAMS 0x0000000084400000, 0x0000000084400000| Untracked 
|  69|0x0000000084500000, 0x0000000084500000, 0x0000000084600000|  0%| F|  |TAMS 0x0000000084500000, 0x0000000084500000| Untracked 
|  70|0x0000000084600000, 0x0000000084600000, 0x0000000084700000|  0%| F|  |TAMS 0x0000000084600000, 0x0000000084600000| Untracked 
|  71|0x0000000084700000, 0x0000000084700000, 0x0000000084800000|  0%| F|  |TAMS 0x0000000084700000, 0x0000000084700000| Untracked 
|  72|0x0000000084800000, 0x0000000084800000, 0x0000000084900000|  0%| F|  |TAMS 0x0000000084800000, 0x0000000084800000| Untracked 
|  73|0x0000000084900000, 0x0000000084900000, 0x0000000084a00000|  0%| F|  |TAMS 0x0000000084900000, 0x0000000084900000| Untracked 
|  74|0x0000000084a00000, 0x0000000084a00000, 0x0000000084b00000|  0%| F|  |TAMS 0x0000000084a00000, 0x0000000084a00000| Untracked 
|  75|0x0000000084b00000, 0x0000000084b00000, 0x0000000084c00000|  0%| F|  |TAMS 0x0000000084b00000, 0x0000000084b00000| Untracked 
|  76|0x0000000084c00000, 0x0000000084c00000, 0x0000000084d00000|  0%| F|  |TAMS 0x0000000084c00000, 0x0000000084c00000| Untracked 
|  77|0x0000000084d00000, 0x0000000084d00000, 0x0000000084e00000|  0%| F|  |TAMS 0x0000000084d00000, 0x0000000084d00000| Untracked 
|  78|0x0000000084e00000, 0x0000000084e00000, 0x0000000084f00000|  0%| F|  |TAMS 0x0000000084e00000, 0x0000000084e00000| Untracked 
|  79|0x0000000084f00000, 0x0000000084f00000, 0x0000000085000000|  0%| F|  |TAMS 0x0000000084f00000, 0x0000000084f00000| Untracked 
|  80|0x0000000085000000, 0x0000000085000000, 0x0000000085100000|  0%| F|  |TAMS 0x0000000085000000, 0x0000000085000000| Untracked 
|  81|0x0000000085100000, 0x0000000085100000, 0x0000000085200000|  0%| F|  |TAMS 0x0000000085100000, 0x0000000085100000| Untracked 
|  82|0x0000000085200000, 0x0000000085200000, 0x0000000085300000|  0%| F|  |TAMS 0x0000000085200000, 0x0000000085200000| Untracked 
|  83|0x0000000085300000, 0x0000000085300000, 0x0000000085400000|  0%| F|  |TAMS 0x0000000085300000, 0x0000000085300000| Untracked 
|  84|0x0000000085400000, 0x0000000085400000, 0x0000000085500000|  0%| F|  |TAMS 0x0000000085400000, 0x0000000085400000| Untracked 
|  85|0x0000000085500000, 0x0000000085500000, 0x0000000085600000|  0%| F|  |TAMS 0x0000000085500000, 0x0000000085500000| Untracked 
|  86|0x0000000085600000, 0x0000000085600000, 0x0000000085700000|  0%| F|  |TAMS 0x0000000085600000, 0x0000000085600000| Untracked 
|  87|0x0000000085700000, 0x0000000085700000, 0x0000000085800000|  0%| F|  |TAMS 0x0000000085700000, 0x0000000085700000| Untracked 
|  88|0x0000000085800000, 0x0000000085800000, 0x0000000085900000|  0%| F|  |TAMS 0x0000000085800000, 0x0000000085800000| Untracked 
|  89|0x0000000085900000, 0x0000000085900000, 0x0000000085a00000|  0%| F|  |TAMS 0x0000000085900000, 0x0000000085900000| Untracked 
|  90|0x0000000085a00000, 0x0000000085a00000, 0x0000000085b00000|  0%| F|  |TAMS 0x0000000085a00000, 0x0000000085a00000| Untracked 
|  91|0x0000000085b00000, 0x0000000085b00000, 0x0000000085c00000|  0%| F|  |TAMS 0x0000000085b00000, 0x0000000085b00000| Untracked 
|  92|0x0000000085c00000, 0x0000000085c00000, 0x0000000085d00000|  0%| F|  |TAMS 0x0000000085c00000, 0x0000000085c00000| Untracked 
|  93|0x0000000085d00000, 0x0000000085d00000, 0x0000000085e00000|  0%| F|  |TAMS 0x0000000085d00000, 0x0000000085d00000| Untracked 
|  94|0x0000000085e00000, 0x0000000085e00000, 0x0000000085f00000|  0%| F|  |TAMS 0x0000000085e00000, 0x0000000085e00000| Untracked 
|  95|0x0000000085f00000, 0x0000000085f00000, 0x0000000086000000|  0%| F|  |TAMS 0x0000000085f00000, 0x0000000085f00000| Untracked 
|  96|0x0000000086000000, 0x0000000086000000, 0x0000000086100000|  0%| F|  |TAMS 0x0000000086000000, 0x0000000086000000| Untracked 
|  97|0x0000000086100000, 0x0000000086100000, 0x0000000086200000|  0%| F|  |TAMS 0x0000000086100000, 0x0000000086100000| Untracked 
|  98|0x0000000086200000, 0x0000000086200000, 0x0000000086300000|  0%| F|  |TAMS 0x0000000086200000, 0x0000000086200000| Untracked 
|  99|0x0000000086300000, 0x0000000086300000, 0x0000000086400000|  0%| F|  |TAMS 0x0000000086300000, 0x0000000086300000| Untracked 
| 100|0x0000000086400000, 0x0000000086400000, 0x0000000086500000|  0%| F|  |TAMS 0x0000000086400000, 0x0000000086400000| Untracked 
| 101|0x0000000086500000, 0x0000000086500000, 0x0000000086600000|  0%| F|  |TAMS 0x0000000086500000, 0x0000000086500000| Untracked 
| 102|0x0000000086600000, 0x0000000086600000, 0x0000000086700000|  0%| F|  |TAMS 0x0000000086600000, 0x0000000086600000| Untracked 
| 103|0x0000000086700000, 0x0000000086700000, 0x0000000086800000|  0%| F|  |TAMS 0x0000000086700000, 0x0000000086700000| Untracked 
| 104|0x0000000086800000, 0x0000000086800000, 0x0000000086900000|  0%| F|  |TAMS 0x0000000086800000, 0x0000000086800000| Untracked 
| 105|0x0000000086900000, 0x0000000086900000, 0x0000000086a00000|  0%| F|  |TAMS 0x0000000086900000, 0x0000000086900000| Untracked 
| 106|0x0000000086a00000, 0x0000000086a00000, 0x0000000086b00000|  0%| F|  |TAMS 0x0000000086a00000, 0x0000000086a00000| Untracked 
| 107|0x0000000086b00000, 0x0000000086b00000, 0x0000000086c00000|  0%| F|  |TAMS 0x0000000086b00000, 0x0000000086b00000| Untracked 
| 108|0x0000000086c00000, 0x0000000086c00000, 0x0000000086d00000|  0%| F|  |TAMS 0x0000000086c00000, 0x0000000086c00000| Untracked 
| 109|0x0000000086d00000, 0x0000000086d00000, 0x0000000086e00000|  0%| F|  |TAMS 0x0000000086d00000, 0x0000000086d00000| Untracked 
| 110|0x0000000086e00000, 0x0000000086e00000, 0x0000000086f00000|  0%| F|  |TAMS 0x0000000086e00000, 0x0000000086e00000| Untracked 
| 111|0x0000000086f00000, 0x0000000086f00000, 0x0000000087000000|  0%| F|  |TAMS 0x0000000086f00000, 0x0000000086f00000| Untracked 
| 112|0x0000000087000000, 0x0000000087000000, 0x0000000087100000|  0%| F|  |TAMS 0x0000000087000000, 0x0000000087000000| Untracked 
| 113|0x0000000087100000, 0x0000000087100000, 0x0000000087200000|  0%| F|  |TAMS 0x0000000087100000, 0x0000000087100000| Untracked 
| 114|0x0000000087200000, 0x0000000087200000, 0x0000000087300000|  0%| F|  |TAMS 0x0000000087200000, 0x0000000087200000| Untracked 
| 115|0x0000000087300000, 0x0000000087300000, 0x0000000087400000|  0%| F|  |TAMS 0x0000000087300000, 0x0000000087300000| Untracked 
| 116|0x0000000087400000, 0x0000000087400000, 0x0000000087500000|  0%| F|  |TAMS 0x0000000087400000, 0x0000000087400000| Untracked 
| 117|0x0000000087500000, 0x0000000087500000, 0x0000000087600000|  0%| F|  |TAMS 0x0000000087500000, 0x0000000087500000| Untracked 
| 118|0x0000000087600000, 0x0000000087600000, 0x0000000087700000|  0%| F|  |TAMS 0x0000000087600000, 0x0000000087600000| Untracked 
| 119|0x0000000087700000, 0x0000000087700000, 0x0000000087800000|  0%| F|  |TAMS 0x0000000087700000, 0x0000000087700000| Untracked 
| 120|0x0000000087800000, 0x0000000087800000, 0x0000000087900000|  0%| F|  |TAMS 0x0000000087800000, 0x0000000087800000| Untracked 
| 121|0x0000000087900000, 0x0000000087958f50, 0x0000000087a00000| 34%| S|CS|TAMS 0x0000000087900000, 0x0000000087900000| Complete 
| 122|0x0000000087a00000, 0x0000000087b00000, 0x0000000087b00000|100%| S|CS|TAMS 0x0000000087a00000, 0x0000000087a00000| Complete 
| 123|0x0000000087b00000, 0x0000000087c00000, 0x0000000087c00000|100%| S|CS|TAMS 0x0000000087b00000, 0x0000000087b00000| Complete 
| 124|0x0000000087c00000, 0x0000000087d00000, 0x0000000087d00000|100%| S|CS|TAMS 0x0000000087c00000, 0x0000000087c00000| Complete 
| 125|0x0000000087d00000, 0x0000000087e00000, 0x0000000087e00000|100%| S|CS|TAMS 0x0000000087d00000, 0x0000000087d00000| Complete 
| 126|0x0000000087e00000, 0x0000000087f00000, 0x0000000087f00000|100%| S|CS|TAMS 0x0000000087e00000, 0x0000000087e00000| Complete 
| 127|0x0000000087f00000, 0x0000000088000000, 0x0000000088000000|100%| S|CS|TAMS 0x0000000087f00000, 0x0000000087f00000| Complete 
| 128|0x0000000088000000, 0x0000000088100000, 0x0000000088100000|100%| S|CS|TAMS 0x0000000088000000, 0x0000000088000000| Complete 
| 129|0x0000000088100000, 0x0000000088200000, 0x0000000088200000|100%| S|CS|TAMS 0x0000000088100000, 0x0000000088100000| Complete 
| 130|0x0000000088200000, 0x0000000088300000, 0x0000000088300000|100%| S|CS|TAMS 0x0000000088200000, 0x0000000088200000| Complete 
| 131|0x0000000088300000, 0x0000000088400000, 0x0000000088400000|100%| S|CS|TAMS 0x0000000088300000, 0x0000000088300000| Complete 
| 132|0x0000000088400000, 0x0000000088500000, 0x0000000088500000|100%| S|CS|TAMS 0x0000000088400000, 0x0000000088400000| Complete 
| 133|0x0000000088500000, 0x0000000088500000, 0x0000000088600000|  0%| F|  |TAMS 0x0000000088500000, 0x0000000088500000| Untracked 
| 134|0x0000000088600000, 0x0000000088600000, 0x0000000088700000|  0%| F|  |TAMS 0x0000000088600000, 0x0000000088600000| Untracked 
| 135|0x0000000088700000, 0x0000000088700000, 0x0000000088800000|  0%| F|  |TAMS 0x0000000088700000, 0x0000000088700000| Untracked 
| 136|0x0000000088800000, 0x0000000088800000, 0x0000000088900000|  0%| F|  |TAMS 0x0000000088800000, 0x0000000088800000| Untracked 
| 137|0x0000000088900000, 0x0000000088900000, 0x0000000088a00000|  0%| F|  |TAMS 0x0000000088900000, 0x0000000088900000| Untracked 
| 138|0x0000000088a00000, 0x0000000088a00000, 0x0000000088b00000|  0%| F|  |TAMS 0x0000000088a00000, 0x0000000088a00000| Untracked 
| 139|0x0000000088b00000, 0x0000000088b00000, 0x0000000088c00000|  0%| F|  |TAMS 0x0000000088b00000, 0x0000000088b00000| Untracked 
| 140|0x0000000088c00000, 0x0000000088c00000, 0x0000000088d00000|  0%| F|  |TAMS 0x0000000088c00000, 0x0000000088c00000| Untracked 
| 141|0x0000000088d00000, 0x0000000088d00000, 0x0000000088e00000|  0%| F|  |TAMS 0x0000000088d00000, 0x0000000088d00000| Untracked 
| 142|0x0000000088e00000, 0x0000000088e00000, 0x0000000088f00000|  0%| F|  |TAMS 0x0000000088e00000, 0x0000000088e00000| Untracked 
| 143|0x0000000088f00000, 0x0000000088f00000, 0x0000000089000000|  0%| F|  |TAMS 0x0000000088f00000, 0x0000000088f00000| Untracked 
| 144|0x0000000089000000, 0x0000000089000000, 0x0000000089100000|  0%| F|  |TAMS 0x0000000089000000, 0x0000000089000000| Untracked 
| 145|0x0000000089100000, 0x0000000089100000, 0x0000000089200000|  0%| F|  |TAMS 0x0000000089100000, 0x0000000089100000| Untracked 
| 146|0x0000000089200000, 0x0000000089200000, 0x0000000089300000|  0%| F|  |TAMS 0x0000000089200000, 0x0000000089200000| Untracked 
| 147|0x0000000089300000, 0x0000000089300000, 0x0000000089400000|  0%| F|  |TAMS 0x0000000089300000, 0x0000000089300000| Untracked 
| 148|0x0000000089400000, 0x0000000089400000, 0x0000000089500000|  0%| F|  |TAMS 0x0000000089400000, 0x0000000089400000| Untracked 
| 149|0x0000000089500000, 0x0000000089500000, 0x0000000089600000|  0%| F|  |TAMS 0x0000000089500000, 0x0000000089500000| Untracked 
| 150|0x0000000089600000, 0x0000000089600000, 0x0000000089700000|  0%| F|  |TAMS 0x0000000089600000, 0x0000000089600000| Untracked 
| 151|0x0000000089700000, 0x0000000089700000, 0x0000000089800000|  0%| F|  |TAMS 0x0000000089700000, 0x0000000089700000| Untracked 
| 152|0x0000000089800000, 0x0000000089800000, 0x0000000089900000|  0%| F|  |TAMS 0x0000000089800000, 0x0000000089800000| Untracked 
| 153|0x0000000089900000, 0x0000000089900000, 0x0000000089a00000|  0%| F|  |TAMS 0x0000000089900000, 0x0000000089900000| Untracked 
| 154|0x0000000089a00000, 0x0000000089a00000, 0x0000000089b00000|  0%| F|  |TAMS 0x0000000089a00000, 0x0000000089a00000| Untracked 
| 155|0x0000000089b00000, 0x0000000089b00000, 0x0000000089c00000|  0%| F|  |TAMS 0x0000000089b00000, 0x0000000089b00000| Untracked 
| 156|0x0000000089c00000, 0x0000000089c00000, 0x0000000089d00000|  0%| F|  |TAMS 0x0000000089c00000, 0x0000000089c00000| Untracked 
| 157|0x0000000089d00000, 0x0000000089d00000, 0x0000000089e00000|  0%| F|  |TAMS 0x0000000089d00000, 0x0000000089d00000| Untracked 
| 158|0x0000000089e00000, 0x0000000089e00000, 0x0000000089f00000|  0%| F|  |TAMS 0x0000000089e00000, 0x0000000089e00000| Untracked 
| 159|0x0000000089f00000, 0x0000000089f00000, 0x000000008a000000|  0%| F|  |TAMS 0x0000000089f00000, 0x0000000089f00000| Untracked 
| 160|0x000000008a000000, 0x000000008a000000, 0x000000008a100000|  0%| F|  |TAMS 0x000000008a000000, 0x000000008a000000| Untracked 
| 161|0x000000008a100000, 0x000000008a100000, 0x000000008a200000|  0%| F|  |TAMS 0x000000008a100000, 0x000000008a100000| Untracked 
| 162|0x000000008a200000, 0x000000008a200000, 0x000000008a300000|  0%| F|  |TAMS 0x000000008a200000, 0x000000008a200000| Untracked 
| 163|0x000000008a300000, 0x000000008a300000, 0x000000008a400000|  0%| F|  |TAMS 0x000000008a300000, 0x000000008a300000| Untracked 
| 164|0x000000008a400000, 0x000000008a400000, 0x000000008a500000|  0%| F|  |TAMS 0x000000008a400000, 0x000000008a400000| Untracked 
| 165|0x000000008a500000, 0x000000008a500000, 0x000000008a600000|  0%| F|  |TAMS 0x000000008a500000, 0x000000008a500000| Untracked 
| 166|0x000000008a600000, 0x000000008a600000, 0x000000008a700000|  0%| F|  |TAMS 0x000000008a600000, 0x000000008a600000| Untracked 
| 167|0x000000008a700000, 0x000000008a700000, 0x000000008a800000|  0%| F|  |TAMS 0x000000008a700000, 0x000000008a700000| Untracked 
| 168|0x000000008a800000, 0x000000008a800000, 0x000000008a900000|  0%| F|  |TAMS 0x000000008a800000, 0x000000008a800000| Untracked 
| 169|0x000000008a900000, 0x000000008a900000, 0x000000008aa00000|  0%| F|  |TAMS 0x000000008a900000, 0x000000008a900000| Untracked 
| 170|0x000000008aa00000, 0x000000008aa00000, 0x000000008ab00000|  0%| F|  |TAMS 0x000000008aa00000, 0x000000008aa00000| Untracked 
| 171|0x000000008ab00000, 0x000000008ab00000, 0x000000008ac00000|  0%| F|  |TAMS 0x000000008ab00000, 0x000000008ab00000| Untracked 
| 172|0x000000008ac00000, 0x000000008ac00000, 0x000000008ad00000|  0%| F|  |TAMS 0x000000008ac00000, 0x000000008ac00000| Untracked 
| 173|0x000000008ad00000, 0x000000008ad00000, 0x000000008ae00000|  0%| F|  |TAMS 0x000000008ad00000, 0x000000008ad00000| Untracked 
| 174|0x000000008ae00000, 0x000000008ae00000, 0x000000008af00000|  0%| F|  |TAMS 0x000000008ae00000, 0x000000008ae00000| Untracked 
| 175|0x000000008af00000, 0x000000008af00000, 0x000000008b000000|  0%| F|  |TAMS 0x000000008af00000, 0x000000008af00000| Untracked 
| 176|0x000000008b000000, 0x000000008b000000, 0x000000008b100000|  0%| F|  |TAMS 0x000000008b000000, 0x000000008b000000| Untracked 
| 177|0x000000008b100000, 0x000000008b100000, 0x000000008b200000|  0%| F|  |TAMS 0x000000008b100000, 0x000000008b100000| Untracked 
| 178|0x000000008b200000, 0x000000008b200000, 0x000000008b300000|  0%| F|  |TAMS 0x000000008b200000, 0x000000008b200000| Untracked 
| 179|0x000000008b300000, 0x000000008b300000, 0x000000008b400000|  0%| F|  |TAMS 0x000000008b300000, 0x000000008b300000| Untracked 
| 180|0x000000008b400000, 0x000000008b400000, 0x000000008b500000|  0%| F|  |TAMS 0x000000008b400000, 0x000000008b400000| Untracked 
| 181|0x000000008b500000, 0x000000008b500000, 0x000000008b600000|  0%| F|  |TAMS 0x000000008b500000, 0x000000008b500000| Untracked 
| 182|0x000000008b600000, 0x000000008b600000, 0x000000008b700000|  0%| F|  |TAMS 0x000000008b600000, 0x000000008b600000| Untracked 
| 183|0x000000008b700000, 0x000000008b700000, 0x000000008b800000|  0%| F|  |TAMS 0x000000008b700000, 0x000000008b700000| Untracked 
| 184|0x000000008b800000, 0x000000008b800000, 0x000000008b900000|  0%| F|  |TAMS 0x000000008b800000, 0x000000008b800000| Untracked 
| 185|0x000000008b900000, 0x000000008b900000, 0x000000008ba00000|  0%| F|  |TAMS 0x000000008b900000, 0x000000008b900000| Untracked 
| 186|0x000000008ba00000, 0x000000008ba00000, 0x000000008bb00000|  0%| F|  |TAMS 0x000000008ba00000, 0x000000008ba00000| Untracked 
| 187|0x000000008bb00000, 0x000000008bb00000, 0x000000008bc00000|  0%| F|  |TAMS 0x000000008bb00000, 0x000000008bb00000| Untracked 
| 188|0x000000008bc00000, 0x000000008bc00000, 0x000000008bd00000|  0%| F|  |TAMS 0x000000008bc00000, 0x000000008bc00000| Untracked 
| 189|0x000000008bd00000, 0x000000008bd00000, 0x000000008be00000|  0%| F|  |TAMS 0x000000008bd00000, 0x000000008bd00000| Untracked 
| 190|0x000000008be00000, 0x000000008be00000, 0x000000008bf00000|  0%| F|  |TAMS 0x000000008be00000, 0x000000008be00000| Untracked 
| 191|0x000000008bf00000, 0x000000008bf00000, 0x000000008c000000|  0%| F|  |TAMS 0x000000008bf00000, 0x000000008bf00000| Untracked 
| 192|0x000000008c000000, 0x000000008c000000, 0x000000008c100000|  0%| F|  |TAMS 0x000000008c000000, 0x000000008c000000| Untracked 
| 193|0x000000008c100000, 0x000000008c100000, 0x000000008c200000|  0%| F|  |TAMS 0x000000008c100000, 0x000000008c100000| Untracked 
| 194|0x000000008c200000, 0x000000008c200000, 0x000000008c300000|  0%| F|  |TAMS 0x000000008c200000, 0x000000008c200000| Untracked 
| 195|0x000000008c300000, 0x000000008c300000, 0x000000008c400000|  0%| F|  |TAMS 0x000000008c300000, 0x000000008c300000| Untracked 
| 196|0x000000008c400000, 0x000000008c400000, 0x000000008c500000|  0%| F|  |TAMS 0x000000008c400000, 0x000000008c400000| Untracked 
| 197|0x000000008c500000, 0x000000008c500000, 0x000000008c600000|  0%| F|  |TAMS 0x000000008c500000, 0x000000008c500000| Untracked 
| 198|0x000000008c600000, 0x000000008c600000, 0x000000008c700000|  0%| F|  |TAMS 0x000000008c600000, 0x000000008c600000| Untracked 
| 199|0x000000008c700000, 0x000000008c700000, 0x000000008c800000|  0%| F|  |TAMS 0x000000008c700000, 0x000000008c700000| Untracked 
| 200|0x000000008c800000, 0x000000008c800000, 0x000000008c900000|  0%| F|  |TAMS 0x000000008c800000, 0x000000008c800000| Untracked 
| 201|0x000000008c900000, 0x000000008c900000, 0x000000008ca00000|  0%| F|  |TAMS 0x000000008c900000, 0x000000008c900000| Untracked 
| 202|0x000000008ca00000, 0x000000008ca00000, 0x000000008cb00000|  0%| F|  |TAMS 0x000000008ca00000, 0x000000008ca00000| Untracked 
| 203|0x000000008cb00000, 0x000000008cb00000, 0x000000008cc00000|  0%| F|  |TAMS 0x000000008cb00000, 0x000000008cb00000| Untracked 
| 204|0x000000008cc00000, 0x000000008cc00000, 0x000000008cd00000|  0%| F|  |TAMS 0x000000008cc00000, 0x000000008cc00000| Untracked 
| 205|0x000000008cd00000, 0x000000008cd00000, 0x000000008ce00000|  0%| F|  |TAMS 0x000000008cd00000, 0x000000008cd00000| Untracked 
| 206|0x000000008ce00000, 0x000000008ce00000, 0x000000008cf00000|  0%| F|  |TAMS 0x000000008ce00000, 0x000000008ce00000| Untracked 
| 207|0x000000008cf00000, 0x000000008cf00000, 0x000000008d000000|  0%| F|  |TAMS 0x000000008cf00000, 0x000000008cf00000| Untracked 
| 208|0x000000008d000000, 0x000000008d000000, 0x000000008d100000|  0%| F|  |TAMS 0x000000008d000000, 0x000000008d000000| Untracked 
| 209|0x000000008d100000, 0x000000008d100000, 0x000000008d200000|  0%| F|  |TAMS 0x000000008d100000, 0x000000008d100000| Untracked 
| 210|0x000000008d200000, 0x000000008d200000, 0x000000008d300000|  0%| F|  |TAMS 0x000000008d200000, 0x000000008d200000| Untracked 
| 211|0x000000008d300000, 0x000000008d300000, 0x000000008d400000|  0%| F|  |TAMS 0x000000008d300000, 0x000000008d300000| Untracked 
| 212|0x000000008d400000, 0x000000008d400000, 0x000000008d500000|  0%| F|  |TAMS 0x000000008d400000, 0x000000008d400000| Untracked 
| 213|0x000000008d500000, 0x000000008d500000, 0x000000008d600000|  0%| F|  |TAMS 0x000000008d500000, 0x000000008d500000| Untracked 
| 214|0x000000008d600000, 0x000000008d600000, 0x000000008d700000|  0%| F|  |TAMS 0x000000008d600000, 0x000000008d600000| Untracked 
| 215|0x000000008d700000, 0x000000008d700000, 0x000000008d800000|  0%| F|  |TAMS 0x000000008d700000, 0x000000008d700000| Untracked 
| 216|0x000000008d800000, 0x000000008d800000, 0x000000008d900000|  0%| F|  |TAMS 0x000000008d800000, 0x000000008d800000| Untracked 
| 217|0x000000008d900000, 0x000000008d900000, 0x000000008da00000|  0%| F|  |TAMS 0x000000008d900000, 0x000000008d900000| Untracked 
| 218|0x000000008da00000, 0x000000008da00000, 0x000000008db00000|  0%| F|  |TAMS 0x000000008da00000, 0x000000008da00000| Untracked 
| 219|0x000000008db00000, 0x000000008db00000, 0x000000008dc00000|  0%| F|  |TAMS 0x000000008db00000, 0x000000008db00000| Untracked 
| 220|0x000000008dc00000, 0x000000008dc00000, 0x000000008dd00000|  0%| F|  |TAMS 0x000000008dc00000, 0x000000008dc00000| Untracked 
| 221|0x000000008dd00000, 0x000000008dd00000, 0x000000008de00000|  0%| F|  |TAMS 0x000000008dd00000, 0x000000008dd00000| Untracked 
| 222|0x000000008de00000, 0x000000008de00000, 0x000000008df00000|  0%| F|  |TAMS 0x000000008de00000, 0x000000008de00000| Untracked 
| 223|0x000000008df00000, 0x000000008df00000, 0x000000008e000000|  0%| F|  |TAMS 0x000000008df00000, 0x000000008df00000| Untracked 
| 224|0x000000008e000000, 0x000000008e000000, 0x000000008e100000|  0%| F|  |TAMS 0x000000008e000000, 0x000000008e000000| Untracked 
| 225|0x000000008e100000, 0x000000008e100000, 0x000000008e200000|  0%| F|  |TAMS 0x000000008e100000, 0x000000008e100000| Untracked 
| 226|0x000000008e200000, 0x000000008e200000, 0x000000008e300000|  0%| F|  |TAMS 0x000000008e200000, 0x000000008e200000| Untracked 
| 227|0x000000008e300000, 0x000000008e300000, 0x000000008e400000|  0%| F|  |TAMS 0x000000008e300000, 0x000000008e300000| Untracked 
| 228|0x000000008e400000, 0x000000008e400000, 0x000000008e500000|  0%| F|  |TAMS 0x000000008e400000, 0x000000008e400000| Untracked 
| 229|0x000000008e500000, 0x000000008e580800, 0x000000008e600000| 50%| E|  |TAMS 0x000000008e500000, 0x000000008e500000| Complete 
| 230|0x000000008e600000, 0x000000008e700000, 0x000000008e700000|100%| E|CS|TAMS 0x000000008e600000, 0x000000008e600000| Complete 
| 231|0x000000008e700000, 0x000000008e800000, 0x000000008e800000|100%| E|CS|TAMS 0x000000008e700000, 0x000000008e700000| Complete 
| 232|0x000000008e800000, 0x000000008e900000, 0x000000008e900000|100%| E|CS|TAMS 0x000000008e800000, 0x000000008e800000| Complete 
| 233|0x000000008e900000, 0x000000008ea00000, 0x000000008ea00000|100%| E|CS|TAMS 0x000000008e900000, 0x000000008e900000| Complete 
| 234|0x000000008ea00000, 0x000000008eb00000, 0x000000008eb00000|100%| E|CS|TAMS 0x000000008ea00000, 0x000000008ea00000| Complete 
| 235|0x000000008eb00000, 0x000000008ec00000, 0x000000008ec00000|100%| E|CS|TAMS 0x000000008eb00000, 0x000000008eb00000| Complete 
| 236|0x000000008ec00000, 0x000000008ed00000, 0x000000008ed00000|100%| E|CS|TAMS 0x000000008ec00000, 0x000000008ec00000| Complete 
| 237|0x000000008ed00000, 0x000000008ee00000, 0x000000008ee00000|100%| E|CS|TAMS 0x000000008ed00000, 0x000000008ed00000| Complete 
| 238|0x000000008ee00000, 0x000000008ef00000, 0x000000008ef00000|100%| E|CS|TAMS 0x000000008ee00000, 0x000000008ee00000| Complete 
| 239|0x000000008ef00000, 0x000000008f000000, 0x000000008f000000|100%| E|CS|TAMS 0x000000008ef00000, 0x000000008ef00000| Complete 
| 240|0x000000008f000000, 0x000000008f100000, 0x000000008f100000|100%| E|CS|TAMS 0x000000008f000000, 0x000000008f000000| Complete 
| 241|0x000000008f100000, 0x000000008f200000, 0x000000008f200000|100%| E|CS|TAMS 0x000000008f100000, 0x000000008f100000| Complete 
| 242|0x000000008f200000, 0x000000008f300000, 0x000000008f300000|100%| E|CS|TAMS 0x000000008f200000, 0x000000008f200000| Complete 
| 243|0x000000008f300000, 0x000000008f400000, 0x000000008f400000|100%| E|CS|TAMS 0x000000008f300000, 0x000000008f300000| Complete 
| 244|0x000000008f400000, 0x000000008f500000, 0x000000008f500000|100%| E|CS|TAMS 0x000000008f400000, 0x000000008f400000| Complete 
| 245|0x000000008f500000, 0x000000008f600000, 0x000000008f600000|100%| E|CS|TAMS 0x000000008f500000, 0x000000008f500000| Complete 
| 246|0x000000008f600000, 0x000000008f700000, 0x000000008f700000|100%| E|CS|TAMS 0x000000008f600000, 0x000000008f600000| Complete 
| 247|0x000000008f700000, 0x000000008f800000, 0x000000008f800000|100%| E|CS|TAMS 0x000000008f700000, 0x000000008f700000| Complete 
| 248|0x000000008f800000, 0x000000008f900000, 0x000000008f900000|100%| E|CS|TAMS 0x000000008f800000, 0x000000008f800000| Complete 
| 249|0x000000008f900000, 0x000000008fa00000, 0x000000008fa00000|100%| E|CS|TAMS 0x000000008f900000, 0x000000008f900000| Complete 
| 250|0x000000008fa00000, 0x000000008fb00000, 0x000000008fb00000|100%| E|CS|TAMS 0x000000008fa00000, 0x000000008fa00000| Complete 
| 251|0x000000008fb00000, 0x000000008fc00000, 0x000000008fc00000|100%| E|CS|TAMS 0x000000008fb00000, 0x000000008fb00000| Complete 
| 252|0x000000008fc00000, 0x000000008fd00000, 0x000000008fd00000|100%| E|CS|TAMS 0x000000008fc00000, 0x000000008fc00000| Complete 
| 253|0x000000008fd00000, 0x000000008fe00000, 0x000000008fe00000|100%| E|CS|TAMS 0x000000008fd00000, 0x000000008fd00000| Complete 

Card table byte_map: [0x000002732bc80000,0x000002732c080000] _byte_map_base: 0x000002732b880000

Marking Bits (Prev, Next): (CMBitMap*) 0x0000027316b71530, (CMBitMap*) 0x0000027316b714f8
 Prev Bits: [0x000002732e480000, 0x0000027330480000)
 Next Bits: [0x000002732c480000, 0x000002732e480000)

Polling page: 0x0000027316c10000

Metaspace:

Usage:
  Non-class:     19.93 MB capacity,    19.60 MB ( 98%) used,   297.20 KB (  1%) free+waste,    38.81 KB ( <1%) overhead. 
      Class:      3.03 MB capacity,     2.84 MB ( 94%) used,   168.30 KB (  5%) free+waste,    19.13 KB ( <1%) overhead. 
       Both:     22.95 MB capacity,    22.44 MB ( 98%) used,   465.49 KB (  2%) free+waste,    57.94 KB ( <1%) overhead. 

Virtual space:
  Non-class space:       22.00 MB reserved,      20.17 MB ( 92%) committed 
      Class space:        1.00 GB reserved,       3.13 MB ( <1%) committed 
             Both:        1.02 GB reserved,      23.30 MB (  2%) committed 

Chunk freelists:
   Non-Class:  58.00 KB
       Class:  6.00 KB
        Both:  64.00 KB

MaxMetaspaceSize: 17179869184.00 GB
CompressedClassSpaceSize: 1.00 GB
Initial GC threshold: 20.80 MB
Current GC threshold: 34.87 MB
CDS: off

CodeHeap 'non-profiled nmethods': size=120000Kb used=1253Kb max_used=1253Kb free=118746Kb
 bounds [0x00000273238e0000, 0x0000027323b50000, 0x000002732ae10000]
CodeHeap 'profiled nmethods': size=120000Kb used=4185Kb max_used=4185Kb free=115814Kb
 bounds [0x000002731c3b0000, 0x000002731c7d0000, 0x00000273238e0000]
CodeHeap 'non-nmethods': size=5760Kb used=1222Kb max_used=1235Kb free=4537Kb
 bounds [0x000002731be10000, 0x000002731c080000, 0x000002731c3b0000]
 total_blobs=2516 nmethods=2027 adapters=401
 compilation: enabled
              stopped_count=0, restarted_count=0
 full_count=0

Compilation events (20 events):
Event: 2.570 Thread 0x0000027333861800 2003       3       org.gradle.initialization.MixInLegacyTypesClassLoader::shouldTransform (42 bytes)
Event: 2.570 Thread 0x0000027333861800 nmethod 2003 0x000002731c7b6190 code [0x000002731c7b6380, 0x000002731c7b6778]
Event: 2.573 Thread 0x00000273337fe000 nmethod 1997 0x0000027323a13c90 code [0x0000027323a13e60, 0x0000027323a145f8]
Event: 2.577 Thread 0x00000273337fe000 2004       4       jdk.internal.org.objectweb.asm.ClassWriter::newUTF8 (70 bytes)
Event: 2.586 Thread 0x0000027333861800 2005       3       java.util.Collections$EmptyMap::entrySet (4 bytes)
Event: 2.587 Thread 0x0000027333861800 nmethod 2005 0x000002731c7b6910 code [0x000002731c7b6ac0, 0x000002731c7b6c18]
Event: 2.588 Thread 0x0000027333861800 2006       3       sun.invoke.util.VerifyAccess::isTypeVisible (47 bytes)
Event: 2.588 Thread 0x0000027333861800 nmethod 2006 0x000002731c7b6d10 code [0x000002731c7b6f00, 0x000002731c7b72d8]
Event: 2.598 Thread 0x00000273337fe000 nmethod 2004 0x0000027323a14b10 code [0x0000027323a14d20, 0x0000027323a15ec8]
Event: 2.603 Thread 0x0000027333861800 2007       1       sun.reflect.generics.repository.AbstractRepository::getFactory (5 bytes)
Event: 2.603 Thread 0x0000027333861800 nmethod 2007 0x0000027323a16590 code [0x0000027323a16740, 0x0000027323a167f8]
Event: 2.605 Thread 0x0000027333861800 2008       3       java.lang.reflect.Executable::getGenericParameterTypes (20 bytes)
Event: 2.606 Thread 0x0000027333861800 nmethod 2008 0x000002731c7b7510 code [0x000002731c7b7720, 0x000002731c7b7e08]
Event: 2.606 Thread 0x0000027333861800 2009       3       sun.reflect.generics.factory.CoreReflectionFactory::getDeclsLoader (85 bytes)
Event: 2.607 Thread 0x0000027333861800 nmethod 2009 0x000002731c7b7f90 code [0x000002731c7b8320, 0x000002731c7ba0b8]
Event: 2.610 Thread 0x0000027333861800 2010       3       org.gradle.internal.service.DefaultServiceRegistry$SingletonService::getAll (23 bytes)
Event: 2.610 Thread 0x0000027333861800 nmethod 2010 0x000002731c7ba790 code [0x000002731c7ba960, 0x000002731c7babe8]
Event: 2.611 Thread 0x0000027333861800 2011       3       java.lang.invoke.DirectMethodHandle::preparedLambdaForm (248 bytes)
Event: 2.612 Thread 0x0000027333861800 nmethod 2011 0x000002731c7bad10 code [0x000002731c7bafe0, 0x000002731c7bba78]
Event: 2.614 Thread 0x0000027333861800 2014       3       jdk.internal.org.objectweb.asm.Type::getArgumentsAndReturnSizes (151 bytes)

GC Heap History (4 events):
Event: 0.696 GC heap before
{Heap before GC invocations=0 (full 0):
 garbage-first heap   total 260096K, used 29696K [0x0000000080000000, 0x0000000100000000)
  region size 1024K, 24 young (24576K), 0 survivors (0K)
 Metaspace       used 9565K, capacity 9856K, committed 9984K, reserved 1058816K
  class space    used 947K, capacity 1009K, committed 1024K, reserved 1048576K
}
Event: 0.699 GC heap after
{Heap after GC invocations=1 (full 0):
 garbage-first heap   total 260096K, used 9203K [0x0000000080000000, 0x0000000100000000)
  region size 1024K, 3 young (3072K), 3 survivors (3072K)
 Metaspace       used 9565K, capacity 9856K, committed 9984K, reserved 1058816K
  class space    used 947K, capacity 1009K, committed 1024K, reserved 1048576K
}
Event: 2.480 GC heap before
{Heap before GC invocations=1 (full 0):
 garbage-first heap   total 260096K, used 130035K [0x0000000080000000, 0x0000000100000000)
  region size 1024K, 121 young (123904K), 3 survivors (3072K)
 Metaspace       used 20658K, capacity 21117K, committed 21296K, reserved 1069056K
  class space    used 2539K, capacity 2680K, committed 2688K, reserved 1048576K
}
Event: 2.489 GC heap after
{Heap after GC invocations=2 (full 0):
 garbage-first heap   total 260096K, used 17750K [0x0000000080000000, 0x0000000100000000)
  region size 1024K, 12 young (12288K), 12 survivors (12288K)
 Metaspace       used 20658K, capacity 21117K, committed 21296K, reserved 1069056K
  class space    used 2539K, capacity 2680K, committed 2688K, reserved 1048576K
}

Deoptimization events (20 events):
Event: 2.473 Thread 0x0000027336354000 Uncommon trap: trap_request=0xffffffc6 fr.pc=0x0000027323971024 relative=0x0000000000000084
Event: 2.473 Thread 0x0000027336354000 Uncommon trap: reason=bimorphic_or_optimized_type_check action=maybe_recompile pc=0x0000027323971024 method=java.util.AbstractList$Itr.hasNext()Z @ 8 c2
Event: 2.473 Thread 0x0000027336354000 DEOPT PACKING pc=0x0000027323971024 sp=0x000000e3831fab10
Event: 2.473 Thread 0x0000027336354000 DEOPT UNPACKING pc=0x000002731be5a1af sp=0x000000e3831faaa8 mode 2
Event: 2.473 Thread 0x0000027336354000 Uncommon trap: trap_request=0xffffffc6 fr.pc=0x00000273239713c0 relative=0x0000000000000100
Event: 2.473 Thread 0x0000027336354000 Uncommon trap: reason=bimorphic_or_optimized_type_check action=maybe_recompile pc=0x00000273239713c0 method=java.util.AbstractList$Itr.next()Ljava/lang/Object; @ 14 c2
Event: 2.473 Thread 0x0000027336354000 DEOPT PACKING pc=0x00000273239713c0 sp=0x000000e3831fab00
Event: 2.473 Thread 0x0000027336354000 DEOPT UNPACKING pc=0x000002731be5a1af sp=0x000000e3831faa98 mode 2
Event: 2.473 Thread 0x0000027336354000 Uncommon trap: trap_request=0xffffff4d fr.pc=0x000002732396bb5c relative=0x000000000000031c
Event: 2.473 Thread 0x0000027336354000 Uncommon trap: reason=unstable_if action=reinterpret pc=0x000002732396bb5c method=java.io.File.getName()Ljava/lang/String; @ 16 c2
Event: 2.473 Thread 0x0000027336354000 DEOPT PACKING pc=0x000002732396bb5c sp=0x000000e3831fb510
Event: 2.473 Thread 0x0000027336354000 DEOPT UNPACKING pc=0x000002731be5a1af sp=0x000000e3831fb4a0 mode 2
Event: 2.473 Thread 0x0000027336354000 Uncommon trap: trap_request=0xffffff4d fr.pc=0x000002732396b1e0 relative=0x0000000000000980
Event: 2.473 Thread 0x0000027336354000 Uncommon trap: reason=unstable_if action=reinterpret pc=0x000002732396b1e0 method=java.lang.String.substring(I)Ljava/lang/String; @ 34 c2
Event: 2.473 Thread 0x0000027336354000 DEOPT PACKING pc=0x000002732396b1e0 sp=0x000000e3831fb450
Event: 2.473 Thread 0x0000027336354000 DEOPT UNPACKING pc=0x000002731be5a1af sp=0x000000e3831fb428 mode 2
Event: 2.559 Thread 0x0000027336354000 Uncommon trap: trap_request=0xffffff4d fr.pc=0x0000027323a12904 relative=0x0000000000000344
Event: 2.559 Thread 0x0000027336354000 Uncommon trap: reason=unstable_if action=reinterpret pc=0x0000027323a12904 method=jdk.internal.org.objectweb.asm.Type.getArgumentsAndReturnSizes(Ljava/lang/String;)I @ 88 c2
Event: 2.559 Thread 0x0000027336354000 DEOPT PACKING pc=0x0000027323a12904 sp=0x000000e3831f9a40
Event: 2.559 Thread 0x0000027336354000 DEOPT UNPACKING pc=0x000002731be5a1af sp=0x000000e3831f99c8 mode 2

Classes redefined (0 events):
No events

Internal exceptions (20 events):
Event: 0.559 Thread 0x0000027316b30800 Exception <a 'java/lang/NoClassDefFoundError'{0x000000008eb47188}: org/slf4j/impl/StaticMarkerBinder> (0x000000008eb47188) thrown at [./src/hotspot/share/classfile/systemDictionary.cpp, line 220]
Event: 0.611 Thread 0x0000027316b30800 Exception <a 'java/lang/NoSuchMethodError'{0x000000008e8dafa8}: 'java.lang.Object java.lang.invoke.DirectMethodHandle$Holder.invokeVirtual(java.lang.Object, java.lang.Object, java.lang.Object, java.lang.Object, java.lang.Object, java.lang.Object, java.lang.Object)'> (0x000000008e8dafa8) thrown at [./src/hotspot/share/interpreter/linkResolver.cpp, line 773]
Event: 0.613 Thread 0x0000027316b30800 Exception <a 'java/lang/NoSuchMethodError'{0x000000008e8f1500}: 'java.lang.Object java.lang.invoke.Invokers$Holder.invoker(java.lang.Object, java.lang.Object, java.lang.Object)'> (0x000000008e8f1500) thrown at [./src/hotspot/share/interpreter/linkResolver.cpp, line 773]
Event: 0.615 Thread 0x0000027316b30800 Exception <a 'java/lang/NoSuchMethodError'{0x000000008e702ec0}: 'void java.lang.invoke.DelegatingMethodHandle$Holder.delegate(java.lang.Object, java.lang.Object, int, java.lang.Object)'> (0x000000008e702ec0) thrown at [./src/hotspot/share/interpreter/linkResolver.cpp, line 773]
Event: 1.229 Thread 0x0000027316b30800 Exception <a 'java/security/PrivilegedActionException'{0x000000008cb28f70}> (0x000000008cb28f70) thrown at [./src/hotspot/share/prims/jvm.cpp, line 1306]
Event: 1.230 Thread 0x0000027316b30800 Exception <a 'java/security/PrivilegedActionException'{0x000000008cb294e8}> (0x000000008cb294e8) thrown at [./src/hotspot/share/prims/jvm.cpp, line 1306]
Event: 1.451 Thread 0x0000027316b30800 Exception <a 'java/lang/NoSuchMethodError'{0x000000008b870610}: 'java.lang.Object java.lang.invoke.DirectMethodHandle$Holder.invokeStaticInit(java.lang.Object, java.lang.Object, java.lang.Object)'> (0x000000008b870610) thrown at [./src/hotspot/share/interpreter/linkResolver.cpp, line 773]
Event: 1.593 Thread 0x0000027316b30800 Exception <a 'java/lang/NoSuchMethodError'{0x000000008b18dcb0}: 'java.lang.Object java.lang.invoke.DirectMethodHandle$Holder.invokeStaticInit(java.lang.Object, int, int, int, int)'> (0x000000008b18dcb0) thrown at [./src/hotspot/share/interpreter/linkResolver.cpp, line 773]
Event: 1.790 Thread 0x0000027316b30800 Exception <a 'java/lang/NoSuchMethodError'{0x000000008b1fe808}: 'java.lang.Object java.lang.invoke.DirectMethodHandle$Holder.invokeStaticInit(java.lang.Object, java.lang.Object, int, int, int, int)'> (0x000000008b1fe808) thrown at [./src/hotspot/share/interpreter/linkResolver.cpp, line 773]
Event: 2.118 Thread 0x0000027316b30800 Exception <a 'java/io/IOException'{0x000000008ae078b0}> (0x000000008ae078b0) thrown at [./src/hotspot/share/prims/jni.cpp, line 615]
Event: 2.215 Thread 0x0000027336354000 Exception <a 'java/lang/NoSuchMethodError'{0x000000008a72f968}: 'long java.lang.invoke.DirectMethodHandle$Holder.invokeInterface(java.lang.Object, java.lang.Object)'> (0x000000008a72f968) thrown at [./src/hotspot/share/interpreter/linkResolver.cpp, line 773]
Event: 2.216 Thread 0x0000027336354000 Exception <a 'java/lang/NoSuchMethodError'{0x000000008a73ca08}: 'void java.lang.invoke.DelegatingMethodHandle$Holder.reinvoke_L(java.lang.Object, java.lang.Object, java.lang.Object, java.lang.Object, java.lang.Object, java.lang.Object, java.lang.Object)'> (0x000000008a73ca08) thrown at [./src/hotspot/share/interpreter/linkResolver.cpp, line 773]
Event: 2.419 Thread 0x0000027336354000 Exception <a 'java/lang/NoSuchMethodError'{0x0000000088bd9890}: 'void java.lang.invoke.DirectMethodHandle$Holder.invokeStaticInit(java.lang.Object)'> (0x0000000088bd9890) thrown at [./src/hotspot/share/interpreter/linkResolver.cpp, line 773]
Event: 2.431 Thread 0x0000027336354000 Exception <a 'java/lang/NoSuchMethodError'{0x0000000088a9a1b8}: 'java.lang.Object java.lang.invoke.DirectMethodHandle$Holder.invokeStatic(java.lang.Object, java.lang.Object, java.lang.Object, int)'> (0x0000000088a9a1b8) thrown at [./src/hotspot/share/interpreter/linkResolver.cpp, line 773]
Event: 2.431 Thread 0x0000027336354000 Exception <a 'java/lang/NoSuchMethodError'{0x0000000088a9e8d0}: 'java.lang.Object java.lang.invoke.DirectMethodHandle$Holder.invokeSpecial(java.lang.Object, java.lang.Object, java.lang.Object, java.lang.Object, int)'> (0x0000000088a9e8d0) thrown at [./src/hotspot/share/interpreter/linkResolver.cpp, line 773]
Event: 2.431 Thread 0x0000027336354000 Exception <a 'java/lang/NoSuchMethodError'{0x0000000088aa2808}: 'java.lang.Object java.lang.invoke.Invokers$Holder.linkToTargetMethod(java.lang.Object, java.lang.Object, int, java.lang.Object)'> (0x0000000088aa2808) thrown at [./src/hotspot/share/interpreter/linkResolver.cpp, line 773]
Event: 2.519 Thread 0x0000027336354000 Exception <a 'java/lang/NoSuchMethodError'{0x000000008fbd2960}: 'int java.lang.invoke.DirectMethodHandle$Holder.invokeSpecialIFC(java.lang.Object, java.lang.Object, java.lang.Object, java.lang.Object)'> (0x000000008fbd2960) thrown at [./src/hotspot/share/interpreter/linkResolver.cpp, line 773]
Event: 2.520 Thread 0x0000027336354000 Exception <a 'java/lang/NoSuchMethodError'{0x000000008fbe0ba8}: 'java.lang.Object java.lang.invoke.DirectMethodHandle$Holder.invokeInterface(java.lang.Object, java.lang.Object, java.lang.Object)'> (0x000000008fbe0ba8) thrown at [./src/hotspot/share/interpreter/linkResolver.cpp, line 773]
Event: 2.521 Thread 0x0000027336354000 Exception <a 'java/lang/IncompatibleClassChangeError'{0x000000008fbe4080}: Found class java.lang.Object, but interface was expected> (0x000000008fbe4080) thrown at [./src/hotspot/share/interpreter/linkResolver.cpp, line 839]
Event: 2.614 Thread 0x0000027336354000 Exception <a 'java/lang/NoSuchMethodError'{0x000000008ee1eb30}: 'java.lang.Object java.lang.invoke.DirectMethodHandle$Holder.invokeSpecial(java.lang.Object, java.lang.Object, java.lang.Object, java.lang.Object, java.lang.Object, java.lang.Object, java.lang.Object, java.lang.Object, java.lang.Object)'> (0x000000008ee1eb30) thrown at [./src/hotspot/share/interpreter/linkResolver.cpp, line 773]

Events (20 events):
Event: 2.612 loading class org/gradle/api/internal/artifacts/dsl/dependencies/DependencyFactory
Event: 2.612 loading class org/gradle/api/internal/artifacts/dsl/dependencies/DependencyFactory done
Event: 2.612 loading class org/gradle/kotlin/dsl/provider/KotlinScriptClassPathProvider
Event: 2.612 loading class org/gradle/kotlin/dsl/provider/KotlinScriptClassPathProvider done
Event: 2.613 loading class org/gradle/kotlin/dsl/provider/KotlinCompilerContextDisposer
Event: 2.613 loading class org/gradle/kotlin/dsl/provider/KotlinCompilerContextDisposer done
Event: 2.613 loading class org/gradle/kotlin/dsl/provider/PluginRequestsHandler
Event: 2.613 loading class org/gradle/kotlin/dsl/provider/PluginRequestsHandler done
Event: 2.613 loading class org/gradle/plugin/use/internal/PluginRequestApplicator
Event: 2.613 loading class org/gradle/plugin/use/internal/PluginRequestApplicator done
Event: 2.614 loading class org/gradle/internal/execution/ExecutionEngine
Event: 2.614 loading class org/gradle/internal/execution/ExecutionEngine done
Event: 2.614 loading class org/gradle/kotlin/dsl/provider/KotlinScriptEvaluator
Event: 2.614 loading class org/gradle/kotlin/dsl/provider/KotlinScriptEvaluator done
Event: 2.614 loading class org/gradle/plugin/management/internal/autoapply/AutoAppliedPluginHandler
Event: 2.614 loading class org/gradle/plugin/management/internal/autoapply/AutoAppliedPluginHandler done
Event: 2.614 loading class kotlin/jvm/functions/Function2
Event: 2.614 loading class kotlin/jvm/functions/Function2 done
Event: 2.615 loading class org/gradle/internal/resource/transport/http/HttpResourcesPluginServiceRegistry$AuthenticationSchemeAction
Event: 2.615 loading class org/gradle/internal/resource/transport/http/HttpResourcesPluginServiceRegistry$AuthenticationSchemeAction done


Dynamic libraries:
0x00007ff66aca0000 - 0x00007ff66acaa000 	C:\Program Files\Android\Android Studio\jre\bin\java.exe
0x00007ffa00ab0000 - 0x00007ffa00ca8000 	C:\WINDOWS\SYSTEM32\ntdll.dll
0x00007ff9ff470000 - 0x00007ff9ff52d000 	C:\WINDOWS\System32\KERNEL32.DLL
0x00007ff9fe6c0000 - 0x00007ff9fe98e000 	C:\WINDOWS\System32\KERNELBASE.dll
0x00007ff9fe3b0000 - 0x00007ff9fe4b0000 	C:\WINDOWS\System32\ucrtbase.dll
0x00007ff992480000 - 0x00007ff992499000 	C:\Program Files\Android\Android Studio\jre\bin\jli.dll
0x00007ff98da20000 - 0x00007ff98da37000 	C:\Program Files\Android\Android Studio\jre\bin\VCRUNTIME140.dll
0x00007ffa007f0000 - 0x00007ffa00990000 	C:\WINDOWS\System32\USER32.dll
0x00007ff9fe270000 - 0x00007ff9fe292000 	C:\WINDOWS\System32\win32u.dll
0x00007ff9eaa10000 - 0x00007ff9eacaa000 	C:\WINDOWS\WinSxS\amd64_microsoft.windows.common-controls_6595b64144ccf1df_6.0.19041.1110_none_60b5254171f9507e\COMCTL32.dll
0x00007ff9ff5e0000 - 0x00007ff9ff60a000 	C:\WINDOWS\System32\GDI32.dll
0x00007ff9ff610000 - 0x00007ff9ff6ae000 	C:\WINDOWS\System32\msvcrt.dll
0x00007ff9fe2a0000 - 0x00007ff9fe3ab000 	C:\WINDOWS\System32\gdi32full.dll
0x00007ff9fea70000 - 0x00007ff9feb0d000 	C:\WINDOWS\System32\msvcp_win.dll
0x00007ff9fffd0000 - 0x00007ffa00000000 	C:\WINDOWS\System32\IMM32.DLL
0x00007ff98d980000 - 0x00007ff98da1d000 	C:\Program Files\Android\Android Studio\jre\bin\msvcp140.dll
0x00007ff9b5b00000 - 0x00007ff9b65e5000 	C:\Program Files\Android\Android Studio\jre\bin\server\jvm.dll
0x00007ff9ffbd0000 - 0x00007ff9ffc7e000 	C:\WINDOWS\System32\ADVAPI32.dll
0x00007ff9ffdb0000 - 0x00007ff9ffe4c000 	C:\WINDOWS\System32\sechost.dll
0x00007ff9ffc80000 - 0x00007ff9ffda5000 	C:\WINDOWS\System32\RPCRT4.dll
0x00007ffa00a60000 - 0x00007ffa00a68000 	C:\WINDOWS\System32\PSAPI.DLL
0x00007ff9f9fa0000 - 0x00007ff9f9fa9000 	C:\WINDOWS\SYSTEM32\WSOCK32.dll
0x00007ff9edb30000 - 0x00007ff9edb57000 	C:\WINDOWS\SYSTEM32\WINMM.dll
0x00007ff9f73e0000 - 0x00007ff9f73ea000 	C:\WINDOWS\SYSTEM32\VERSION.dll
0x00007ff9fdde0000 - 0x00007ff9fde4b000 	C:\WINDOWS\SYSTEM32\WS2_32.dll
0x00007ff9fc0d0000 - 0x00007ff9fc0e2000 	C:\WINDOWS\SYSTEM32\kernel.appcore.dll
0x00007ff9f9f80000 - 0x00007ff9f9f91000 	C:\Program Files\Android\Android Studio\jre\bin\verify.dll
0x00007ff9e8870000 - 0x00007ff9e8a54000 	C:\WINDOWS\SYSTEM32\DBGHELP.DLL
0x00007ff9e8670000 - 0x00007ff9e869c000 	C:\WINDOWS\SYSTEM32\dbgcore.DLL
0x00007ff9fe990000 - 0x00007ff9fea12000 	C:\WINDOWS\System32\bcryptPrimitives.dll
0x00007ff9f6690000 - 0x00007ff9f66b9000 	C:\Program Files\Android\Android Studio\jre\bin\java.dll
0x00007ff9f8310000 - 0x00007ff9f831b000 	C:\Program Files\Android\Android Studio\jre\bin\jimage.dll
0x00007ff9d7bb0000 - 0x00007ff9d7bc8000 	C:\Program Files\Android\Android Studio\jre\bin\zip.dll
0x00007ff9feb80000 - 0x00007ff9ff2c4000 	C:\WINDOWS\System32\SHELL32.dll
0x00007ff9fc2d0000 - 0x00007ff9fca64000 	C:\WINDOWS\SYSTEM32\windows.storage.dll
0x00007ffa001d0000 - 0x00007ffa00524000 	C:\WINDOWS\System32\combase.dll
0x00007ff9fdc30000 - 0x00007ff9fdc60000 	C:\WINDOWS\SYSTEM32\Wldp.dll
0x00007ff9ffb20000 - 0x00007ff9ffbcd000 	C:\WINDOWS\System32\SHCORE.dll
0x00007ff9ffe50000 - 0x00007ff9ffea5000 	C:\WINDOWS\System32\shlwapi.dll
0x00007ff9fe180000 - 0x00007ff9fe19f000 	C:\WINDOWS\SYSTEM32\profapi.dll
0x00007ff9d7b90000 - 0x00007ff9d7baa000 	C:\Program Files\Android\Android Studio\jre\bin\net.dll
0x00007ff9ee8b0000 - 0x00007ff9ee9ba000 	C:\WINDOWS\SYSTEM32\WINHTTP.dll
0x00007ff9fd990000 - 0x00007ff9fd9fa000 	C:\WINDOWS\system32\mswsock.dll
0x00007ff9d7b70000 - 0x00007ff9d7b84000 	C:\Program Files\Android\Android Studio\jre\bin\nio.dll
0x00007ff9bd200000 - 0x00007ff9bd227000 	C:\Users\李Da锤\.gradle\native\e1d6ef7f7dcc3fd88c89a11ec53ec762bb8ba0a96d01ffa2cd45eb1d1d8dd5c5\windows-amd64\native-platform.dll
0x00007ff98d5a0000 - 0x00007ff98d6e4000 	C:\Users\李Da锤\.gradle\native\5664cfc778a61ccfe75a443a1ab52a65af34e5dc3c78e0209fed803814484fcb\windows-amd64\native-platform-file-events.dll
0x00007ff9f8300000 - 0x00007ff9f830a000 	C:\Program Files\Android\Android Studio\jre\bin\management.dll
0x00007ff9f8120000 - 0x00007ff9f812d000 	C:\Program Files\Android\Android Studio\jre\bin\management_ext.dll
0x00007ff9fdb80000 - 0x00007ff9fdb98000 	C:\WINDOWS\SYSTEM32\CRYPTSP.dll
0x00007ff9fd2a0000 - 0x00007ff9fd2d4000 	C:\WINDOWS\system32\rsaenh.dll
0x00007ff9fe240000 - 0x00007ff9fe267000 	C:\WINDOWS\System32\bcrypt.dll
0x00007ff9fe140000 - 0x00007ff9fe16e000 	C:\WINDOWS\SYSTEM32\USERENV.dll
0x00007ff9fdba0000 - 0x00007ff9fdbac000 	C:\WINDOWS\SYSTEM32\CRYPTBASE.dll
0x00007ff9fd630000 - 0x00007ff9fd66b000 	C:\WINDOWS\SYSTEM32\IPHLPAPI.DLL
0x00007ffa00550000 - 0x00007ffa00558000 	C:\WINDOWS\System32\NSI.dll
0x00007ff9f5860000 - 0x00007ff9f5877000 	C:\WINDOWS\SYSTEM32\dhcpcsvc6.DLL
0x00007ff9f7370000 - 0x00007ff9f738d000 	C:\WINDOWS\SYSTEM32\dhcpcsvc.DLL
0x00007ff9fd680000 - 0x00007ff9fd74a000 	C:\WINDOWS\SYSTEM32\DNSAPI.dll

dbghelp: loaded successfully - version: 4.0.5 - missing functions: none
symbol engine: initialized successfully - sym options: 0x614 - pdb path: .;C:\Program Files\Android\Android Studio\jre\bin;C:\WINDOWS\SYSTEM32;C:\WINDOWS\WinSxS\amd64_microsoft.windows.common-controls_6595b64144ccf1df_6.0.19041.1110_none_60b5254171f9507e;C:\Program Files\Android\Android Studio\jre\bin\server;C:\Users\李Da锤\.gradle\native\e1d6ef7f7dcc3fd88c89a11ec53ec762bb8ba0a96d01ffa2cd45eb1d1d8dd5c5\windows-amd;C:\Users\李Da锤\.gradle\native\e1d6ef7f7dcc3fd88c89a11ec53ec762bb8ba0a96d01ffa2cd45eb1d1d8dd5c5\windows-amd64;C:\Users\李Da锤\.gradle\native\5664cfc778a61ccfe75a443a1ab52a65af34e5dc3c78e0209fed803814484fcb\windows;C:\Users\李Da锤\.gradle\native\5664cfc778a61ccfe75a443a1ab52a65af34e5dc3c78e0209fed803814484fcb\windo;C:\Users\李Da锤\.gradle\native\5664cfc778a61ccfe75a443a1ab52a65af34e5dc3c78e0209fed803814484fcb\win;C:\Users\李Da锤\.gradle\native\5664cfc778a61ccfe75a443a1ab52a65af34e5dc3c78e0209fed803814484fcb\w

VM Arguments:
jvm_args: --add-opens=java.base/java.util=ALL-UNNAMED --add-opens=java.base/java.lang=ALL-UNNAMED --add-opens=java.base/java.lang.invoke=ALL-UNNAMED --add-opens=java.base/java.util=ALL-UNNAMED --add-opens=java.prefs/java.util.prefs=ALL-UNNAMED --add-opens=java.prefs/java.util.prefs=ALL-UNNAMED --add-opens=java.base/java.nio.charset=ALL-UNNAMED --add-opens=java.base/java.net=ALL-UNNAMED --add-opens=java.base/java.util.concurrent.atomic=ALL-UNNAMED -Xmx2048m -Dfile.encoding=UTF-8 -Duser.country=CN -Duser.language=zh -Duser.variant 
java_command: org.gradle.launcher.daemon.bootstrap.GradleDaemon 7.3.3
java_class_path (initial): C:\Users\李Da锤\.gradle\wrapper\dists\gradle-7.3.3-bin\6a41zxkdtcxs8rphpq6y0069z\gradle-7.3.3\lib\gradle-launcher-7.3.3.jar
Launcher Type: SUN_STANDARD

[Global flags]
     intx CICompilerCount                          = 4                                         {product} {ergonomic}
     uint ConcGCThreads                            = 2                                         {product} {ergonomic}
     uint G1ConcRefinementThreads                  = 8                                         {product} {ergonomic}
   size_t G1HeapRegionSize                         = 1048576                                   {product} {ergonomic}
    uintx GCDrainStackTargetSize                   = 64                                        {product} {ergonomic}
   size_t InitialHeapSize                          = 266338304                                 {product} {ergonomic}
   size_t MarkStackSize                            = 4194304                                   {product} {ergonomic}
   size_t MaxHeapSize                              = 2147483648                                {product} {command line}
   size_t MaxNewSize                               = 1287651328                                {product} {ergonomic}
   size_t MinHeapDeltaBytes                        = 1048576                                   {product} {ergonomic}
    uintx NonNMethodCodeHeapSize                   = 5836300                                {pd product} {ergonomic}
    uintx NonProfiledCodeHeapSize                  = 122910970                              {pd product} {ergonomic}
    uintx ProfiledCodeHeapSize                     = 122910970                              {pd product} {ergonomic}
    uintx ReservedCodeCacheSize                    = 251658240                              {pd product} {ergonomic}
     bool SegmentedCodeCache                       = true                                      {product} {ergonomic}
     bool UseCompressedClassPointers               = true                                 {lp64_product} {ergonomic}
     bool UseCompressedOops                        = true                                 {lp64_product} {ergonomic}
     bool UseG1GC                                  = true                                      {product} {ergonomic}
     bool UseLargePagesIndividualAllocation        = false                                  {pd product} {ergonomic}

Logging:
Log output configuration:
 #0: stdout all=warning uptime,level,tags
 #1: stderr all=off uptime,level,tags

Environment Variables:
JAVA_HOME=D:\jdk-17.0.2
PATH=C:\Program Files\Eclipse Foundation\jdk-8.0.302.8-hotspot\bin;C:\Program Files (x86)\Common Files\Oracle\Java\javapath;C:\ProgramData\Oracle\Java\javapath;C:\Program Files\PlasticSCM5\server;C:\Program Files\PlasticSCM5\client;C:\Windows\system32;C:\Windows;C:\Windows\System32\Wbem;C:\Windows\System32\WindowsPowerShell\v1.0\;C:\Windows\System32\OpenSSH\;C:\Program Files (x86)\NVIDIA Corporation\PhysX\Common;C:\Program Files\NVIDIA Corporation\NVIDIA NvDLISR;C:\Program Files\Common Files\Autodesk Shared\;C:\WINDOWS\system32;C:\WINDOWS;C:\WINDOWS\System32\Wbem;C:\WINDOWS\System32\WindowsPowerShell\v1.0\;C:\WINDOWS\System32\OpenSSH\;C:\Program Files (x86)\Microsoft SQL Server\100\Tools\Binn\;C:\Program Files\Microsoft SQL Server\100\Tools\Binn\;C:\Program Files\Microsoft SQL Server\100\DTS\Binn\;C:\Program Files (x86)\Microsoft SQL Server\100\Tools\Binn\VSShell\Common7\IDE\;C:\Program Files (x86)\Microsoft SQL Server\100\DTS\Binn\;C:\Program Files\Microsoft SQL Server\130\Tools\Binn\;D:\jdk-17.0.2\bin;D:\jdk-17.0.2\jre\bin;"D:\Java\sdk\platform-tools;";"D:\Java\sdk\tools;";C:\Program Files (x86)\EasyShare\x86\;C:\Program Files (x86)\EasyShare\x64\;D:\Program Files\Git\cmd;C:\Program Files\Microsoft SQL Server\Client SDK\ODBC\170\Tools\Binn\;C:\Program Files\dotnet\;C:\Users\李Da锤\AppData\Local\Microsoft\WindowsApps;C:\Users\李Da锤\.dotnet\tools;C:\Users\李Da锤\AppData\Local\Programs\Fiddler;D:\待删文件区\Fiddler;C:\Users\李Da锤\.dotnet\tools
USERNAME=李Da锤
OS=Windows_NT
PROCESSOR_IDENTIFIER=Intel64 Family 6 Model 158 Stepping 10, GenuineIntel



---------------  S Y S T E M  ---------------

OS: Windows 10 , 64 bit Build 19041 (10.0.19041.1889)
OS uptime: 0 days 13:54 hours

CPU:total 8 (initial active 8) (4 cores per cpu, 2 threads per core) family 6 model 158 stepping 10 microcode 0xb4, cmov, cx8, fxsr, mmx, sse, sse2, sse3, ssse3, sse4.1, sse4.2, popcnt, avx, avx2, aes, clmul, erms, 3dnowpref, lzcnt, ht, tsc, tscinvbit, bmi1, bmi2, adx, fma

Memory: 4k page, system-wide physical 16253M (1043M free)
TotalPageFile size 20446M (AvailPageFile size 6M)
current process WorkingSet (physical memory assigned to process): 261M, peak: 262M
current process commit charge ("private bytes"): 418M, peak: 418M

vm_info: OpenJDK 64-Bit Server VM (11.0.12+7-b1504.28-7817840) for windows-amd64 JRE (11.0.12+7-b1504.28-7817840), built on Oct 13 2021 22:12:33 by "builder" with MS VC++ 14.0 (VS2015)

END.
